<?xml version="1.0" encoding="UTF-8"?>
<!-- Generated by org.testng.reporters.JUnitReportReporter -->
<testsuite hostname="LIN41005772" failures="0" tests="4" name="testAllMethod.AllExecutionDetails" time="2.486" errors="0" timestamp="2022-06-21T14:06:46 IST" skipped="0">
  <testcase classname="testAllMethod.AllExecutionDetails" name="VerifyPost" time="0.105"/>
  <system-out/>
  <testcase classname="testAllMethod.AllExecutionDetails" name="VerifyGet" time="2.186"/>
  <system-out/>
  <testcase classname="testAllMethod.AllExecutionDetails" name="VerifyPut" time="0.136"/>
  <system-out/>
  <testcase classname="testAllMethod.AllExecutionDetails" name="VerifyDelete" time="0.059"/>
  <system-out/>
</testsuite> <!-- testAllMethod.AllExecutionDetails -->
